nohup: ignoring input
INFO         | Android emulator version 36.1.9.0 (build_id 13823996) (CL:N/A)
INFO         | Graphics backend: gfxstream
INFO         | Found systemPath /home/pouya/android-sdk/system-images/android-34/google_apis_playstore/x86_64/
INFO         | Increasing RAM size to 2048MB
INFO         | Guest GLES Driver: Auto (ext controls)
WARNING      | Your GPU drivers may have a bug. Switching to software rendering.
library_mode swangle_indirect gpu mode swangle_indirect
INFO         | Checking system compatibility:
INFO         |   Checking: hasSufficientDiskSpace
INFO         |      Ok: Disk space requirements to run avd: `KookYar_Test` are met
INFO         |   Checking: hasSufficientHwGpu
INFO         |      Ok: Hardware GPU compatibility checks are not required
INFO         |   Checking: hasSufficientSystem
INFO         |      Ok: System requirements to run avd: `KookYar_Test` are met
INFO         | Storing crashdata in: /tmp/android-pouya/emu-crash-36.1.9.db, detection is enabled for process: 674732
INFO         | Initializing hardware OpenGLES emulation support
I0909 17:52:43.289596  674732 opengles.cpp:291] android_startOpenglesRenderer: gpu info
I0909 17:52:43.289698  674732 opengles.cpp:292] 
INFO         | HealthMonitor disabled.
INFO         | initIcdPaths: ICD set to 'swiftshader', using Swiftshader ICD
INFO         | Setting ICD filenames for the loader = /home/pouya/android-sdk/emulator/lib64/vulkan/vk_swiftshader_icd.json
INFO         | SharedLibrary::open for [/home/pouya/android-sdk/emulator/qemu/linux-x86_64/lib64/vulkan/libvulkan.so]
INFO         | SharedLibrary::open for [/home/pouya/android-sdk/emulator/qemu/linux-x86_64/lib64/vulkan/libvulkan.so]: not found in map, open for the first time
INFO         | SharedLibrary::open for [/home/pouya/android-sdk/emulator/qemu/linux-x86_64/lib64/vulkan/libvulkan.so] (posix): begin
INFO         | SharedLibrary::open for [/home/pouya/android-sdk/emulator/qemu/linux-x86_64/lib64/vulkan/libvulkan.so] (posix,linux): call dlopen on [/home/pouya/android-sdk/emulator/qemu/linux-x86_64/lib64/vulkan/libvulkan.so]
INFO         | SharedLibrary::open for [/home/pouya/android-sdk/emulator/qemu/linux-x86_64/lib64/vulkan/libvulkan.so] failed (posix). dlerror: []
INFO         | SharedLibrary::open for [/home/pouya/android-sdk/emulator/qemu/linux-x86_64/lib64/vulkan/libvulkan.so.1]
INFO         | SharedLibrary::open for [/home/pouya/android-sdk/emulator/qemu/linux-x86_64/lib64/vulkan/libvulkan.so.1]: not found in map, open for the first time
INFO         | SharedLibrary::open for [/home/pouya/android-sdk/emulator/qemu/linux-x86_64/lib64/vulkan/libvulkan.so.1] (posix): begin
INFO         | SharedLibrary::open for [/home/pouya/android-sdk/emulator/qemu/linux-x86_64/lib64/vulkan/libvulkan.so.1] (posix,linux): call dlopen on [/home/pouya/android-sdk/emulator/qemu/linux-x86_64/lib64/vulkan/libvulkan.so.1]
INFO         | SharedLibrary::open for [/home/pouya/android-sdk/emulator/qemu/linux-x86_64/lib64/vulkan/libvulkan.so.1] failed (posix). dlerror: []
INFO         | SharedLibrary::open for [/home/pouya/android-sdk/emulator/lib64/vulkan/libvulkan.so]
INFO         | SharedLibrary::open for [/home/pouya/android-sdk/emulator/lib64/vulkan/libvulkan.so]: not found in map, open for the first time
INFO         | SharedLibrary::open for [/home/pouya/android-sdk/emulator/lib64/vulkan/libvulkan.so] (posix): begin
INFO         | SharedLibrary::open for [/home/pouya/android-sdk/emulator/lib64/vulkan/libvulkan.so] (posix,linux): call dlopen on [/home/pouya/android-sdk/emulator/lib64/vulkan/libvulkan.so]
INFO         | SharedLibrary::open succeeded for [/home/pouya/android-sdk/emulator/lib64/vulkan/libvulkan.so].
INFO         | Added library: /home/pouya/android-sdk/emulator/lib64/vulkan/libvulkan.so
INFO         | Selecting Vulkan device: SwiftShader Device (Subzero), Version: 1.3.0
INFO         | Disabling sparse binding feature support
INFO         | SharedLibrary::open for [libGLESv2.so]: not found in map, open for the first time
INFO         | SharedLibrary::open for [libGLESv2.so] (posix): begin
INFO         | SharedLibrary::open for [libGLESv2.so] (posix,linux): call dlopen on [libGLESv2.so]
INFO         | SharedLibrary::open succeeded for [libGLESv2.so].
INFO         | SharedLibrary::open for [libEGL.so]: not found in map, open for the first time
INFO         | SharedLibrary::open for [libEGL.so] (posix): begin
INFO         | SharedLibrary::open for [libEGL.so] (posix,linux): call dlopen on [libEGL.so]
INFO         | SharedLibrary::open succeeded for [libEGL.so].
INFO         | SharedLibrary::open for [libX11]
INFO         | SharedLibrary::open for [libX11]: not found in map, open for the first time
INFO         | SharedLibrary::open for [libX11] (posix): begin
INFO         | SharedLibrary::open for [libX11] (posix,linux): call dlopen on [libX11.so]
INFO         | SharedLibrary::open succeeded for [libX11].
INFO         | Initializing VkEmulation features:
INFO         |     glInteropSupported: false
INFO         |     useDeferredCommands: true
INFO         |     createResourceWithRequirements: true
INFO         |     useVulkanComposition: false
INFO         |     useVulkanNativeSwapchain: false
INFO         |     enable guestRenderDoc: false
INFO         |     ASTC LDR emulation mode: Gpu
INFO         |     enable ETC2 emulation: true
INFO         |     enable Ycbcr emulation: false
INFO         |     guestVulkanOnly: false
INFO         |     useDedicatedAllocations: false
INFO         | Graphics Adapter Vendor Google (Google Inc.)
INFO         | Graphics Adapter Android Emulator OpenGL ES Translator (Google SwiftShader)
INFO         | Graphics API Version OpenGL ES 3.0 (OpenGL ES 3.0 SwiftShader 4.0.0.1)
INFO         | Graphics API Extensions GL_OES_EGL_sync GL_OES_EGL_image GL_OES_EGL_image_external GL_OES_depth24 GL_OES_depth32 GL_OES_element_index_uint GL_OES_texture_float GL_OES_texture_float_linear GL_OES_compressed_paletted_texture GL_OES_compressed_ETC1_RGB8_texture GL_OES_depth_texture GL_OES_texture_half_float GL_OES_texture_half_float_linear GL_OES_packed_depth_stencil GL_OES_vertex_half_float GL_OES_standard_derivatives GL_OES_texture_npot GL_OES_rgb8_rgba8 GL_EXT_color_buffer_float GL_EXT_color_buffer_half_float GL_EXT_texture_format_BGRA8888 GL_APPLE_texture_format_BGRA8888 
INFO         | Graphics Device Extensions N/A
E0909 17:52:43.354157  674732 FeatureControlImpl.cpp:463] Setting read-only feature 'GLAsyncSwap' to '0'
I0909 17:52:43.354182  674732 FeatureControlImpl.cpp:374] Feature 'GLAsyncSwap' (50) is overridden to 'disabled'
INFO         | Sending adb public key [QAAAAOXkmpsTxxff9pVDHI9zm8PFYIzKosu7tD3kfh/UKThNpls85z/0K6hEpc6D1vuGYvRkdeMMSsdhmhGgHia1j310MnbJIFNjfqkPxMBKKSb+x5IKmr7ABShYsw5Ravai9nXdhvcJiKXQ4xx76voTqHsXIsJE87/C/tZ6lXKGE3A3zBj9enAIzpaRVKh86NH9qxjjvcLLAaUxRiqeqbGVozrp8LqeVS/CPuEAVBXnw4LHybIWTJuG9Qy4mrUkRq1YnSzq9h3m8VpPAw709iFeSZbyM+8D1E9u6SR3gbniCcJST/BYzozIqFw556Hot6pIPLLO5qnWVEItO9Rt1fQK9DNfkdzAMksDHJQJ5/Orub/JhHC7lQ8Gd/fThOWwnBDbDPAk2KXKpJT5aXysOi0H+2zIRurtMOQv4rYHDwhp2xn+aPchGXOSV+Cxr6PYxL9qNyNzw0fZDCDRoSuqVX9G5dj4DC/nnRAdmtESrpMJxtROTwN0xG38El9JOVQaloWKSDXz3p0M7+MObpplZW/riyob3RQcNO/4Sy1iedLabupHYBKC7hs2v/F6HkJv7f00ZpzKh6/vRp4fH6gOnJrNmsBdm/l7vXwpD2OD84qKXnyTBnygzG4DTZoSaRxCLu/eVkE1Z0WzG0sK05kdn19/SdizBVdWlrsccw+4LaTrBxvtiCE8ugEAAQA= pouya@unknown]
I0909 17:52:43.355449  674732 userspace-boot-properties.cpp:766] Userspace boot properties:
I0909 17:52:43.355453  674732 userspace-boot-properties.cpp:770]   androidboot.boot_devices=pci0000:00/0000:00:03.0 pci0000:00/0000:00:06.0
I0909 17:52:43.355456  674732 userspace-boot-properties.cpp:770]   androidboot.dalvik.vm.heapsize=512m
I0909 17:52:43.355458  674732 userspace-boot-properties.cpp:770]   androidboot.debug.hwui.renderer=skiagl
I0909 17:52:43.355460  674732 userspace-boot-properties.cpp:770]   androidboot.hardware=ranchu
I0909 17:52:43.355461  674732 userspace-boot-properties.cpp:770]   androidboot.hardware.gltransport=pipe
I0909 17:52:43.355463  674732 userspace-boot-properties.cpp:770]   androidboot.hardware.vulkan=ranchu
I0909 17:52:43.355465  674732 userspace-boot-properties.cpp:770]   androidboot.logcat=*:V
I0909 17:52:43.355471  674732 userspace-boot-properties.cpp:770]   androidboot.opengles.version=196608
I0909 17:52:43.355472  674732 userspace-boot-properties.cpp:770]   androidboot.qemu=1
I0909 17:52:43.355474  674732 userspace-boot-properties.cpp:770]   androidboot.qemu.adb.pubkey=QAAAAOXkmpsTxxff9pVDHI9zm8PFYIzKosu7tD3kfh/UKThNpls85z/0K6hEpc6D1vuGYvRkdeMMSsdhmhGgHia1j310MnbJIFNjfqkPxMBKKSb+x5IKmr7ABShYsw5Ravai9nXdhvcJiKXQ4xx76voTqHsXIsJE87/C/tZ6lXKGE3A3zBj9enAIzpaRVKh86NH9qxjjvcLLAaUxRiqeqbGVozrp8LqeVS/CPuEAVBXnw4LHybIWTJuG9Qy4mrUkRq1YnSzq9h3m8VpPAw709iFeSZbyM+8D1E9u6SR3gbniCcJST/BYzozIqFw556Hot6pIPLLO5qnWVEItO9Rt1fQK9DNfkdzAMksDHJQJ5/Orub/JhHC7lQ8Gd/fThOWwnBDbDPAk2KXKpJT5aXysOi0H+2zIRurtMOQv4rYHDwhp2xn+aPchGXOSV+Cxr6PYxL9qNyNzw0fZDCDRoSuqVX9G5dj4DC/nnRAdmtESrpMJxtROTwN0xG38El9JOVQaloWKSDXz3p0M7+MObpplZW/riyob3RQcNO/4Sy1iedLabupHYBKC7hs2v/F6HkJv7f00ZpzKh6/vRp4fH6gOnJrNmsBdm/l7vXwpD2OD84qKXnyTBnygzG4DTZoSaRxCLu/eVkE1Z0WzG0sK05kdn19/SdizBVdWlrsccw+4LaTrBxvtiCE8ugEAAQA= pouya@unknown
I0909 17:52:43.355490  674732 userspace-boot-properties.cpp:770]   androidboot.qemu.avd_name=KookYar_Test
I0909 17:52:43.355491  674732 userspace-boot-properties.cpp:770]   androidboot.qemu.camera_hq_edge_processing=0
I0909 17:52:43.355493  674732 userspace-boot-properties.cpp:770]   androidboot.qemu.camera_protocol_ver=1
I0909 17:52:43.355495  674732 userspace-boot-properties.cpp:770]   androidboot.qemu.cpuvulkan.version=4202496
I0909 17:52:43.355497  674732 userspace-boot-properties.cpp:770]   androidboot.qemu.gltransport.drawFlushInterval=800
I0909 17:52:43.355498  674732 userspace-boot-properties.cpp:770]   androidboot.qemu.gltransport.name=pipe
I0909 17:52:43.355500  674732 userspace-boot-properties.cpp:770]   androidboot.qemu.hwcodec.avcdec=2
I0909 17:52:43.355501  674732 userspace-boot-properties.cpp:770]   androidboot.qemu.hwcodec.hevcdec=2
I0909 17:52:43.355503  674732 userspace-boot-properties.cpp:770]   androidboot.qemu.hwcodec.vpxdec=2
I0909 17:52:43.355505  674732 userspace-boot-properties.cpp:770]   androidboot.qemu.settings.system.screen_off_timeout=2147483647
I0909 17:52:43.355508  674732 userspace-boot-properties.cpp:770]   androidboot.qemu.virtiowifi=1
I0909 17:52:43.355509  674732 userspace-boot-properties.cpp:770]   androidboot.qemu.vsync=60
I0909 17:52:43.355510  674732 userspace-boot-properties.cpp:770]   androidboot.serialno=EMULATOR36X1X9X0
I0909 17:52:43.355512  674732 userspace-boot-properties.cpp:770]   androidboot.vbmeta.digest=01574858046822a5332e63c9ade783384050332d37fd75d96b718bc1c0f2887a
I0909 17:52:43.355515  674732 userspace-boot-properties.cpp:770]   androidboot.vbmeta.hash_alg=sha256
I0909 17:52:43.355517  674732 userspace-boot-properties.cpp:770]   androidboot.vbmeta.size=6720
I0909 17:52:43.355518  674732 userspace-boot-properties.cpp:770]   androidboot.veritymode=enforcing
INFO         | Monitoring duration of emulator setup.
WARNING      | The emulator now requires a signed jwt token for gRPC access! Use the -grpc flag if you really want an open unprotected grpc port
INFO         | Using security allow list from: /home/pouya/android-sdk/emulator/lib/emulator_access.json
WARNING      | *** Basic token auth should only be used by android-studio ***
INFO         | The active JSON Web Key Sets can be found here: /run/user/1000/avd/running/674732/jwks/4a164821-5c0a-45d0-93d5-822c50287ccb/active.jwk
INFO         | Scanning /run/user/1000/avd/running/674732/jwks/4a164821-5c0a-45d0-93d5-822c50287ccb for jwk keys.
INFO         | Started GRPC server at 127.0.0.1:8554, security: Local, auth: +token
INFO         | Advertising in: /run/user/1000/avd/running/pid_674732.ini
INFO         | Setting display: 0 configuration to: 1080x2400, dpi: 420x420 
INFO         | setDisplayActiveConfig 0
INFO         | Loading snapshot 'default_boot'...
WARNING      | Client not connected yet. Ignoring message!
WARNING      | Client not connected yet. Ignoring message!
WARNING      | Client not connected yet. Ignoring message!
WARNING      | Unknown XR viewport mode requested: 0, ignored.

WARNING      | Client not connected yet. Ignoring message!
WARNING      | Client not connected yet. Ignoring message!
WARNING      | Client not connected yet. Ignoring message!
WARNING      | Client not connected yet. Ignoring message!
WARNING      | Client not connected yet. Ignoring message!
INFO         | Successfully loaded snapshot 'default_boot' using 315 ms
INFO         | Activated packet streamer for bluetooth emulation
INFO         | Wait for emulator (pid 674732) 20 seconds to shutdown gracefully before kill;you can set environment variable ANDROID_EMULATOR_WAIT_TIME_BEFORE_KILL(in seconds) to change the default value (20 seconds)

INFO         | Saving with gfxstream=1
INFO         | Saving snapshot 'default_boot' using 540 ms
ERROR        | stop: Not implemented
