#
# There is insufficient memory for the Java Runtime Environment to continue.
# Native memory allocation (malloc) failed to allocate 1497616 bytes for Chunk::new
# Possible reasons:
#   The system is out of physical RAM or swap space
#   In 32 bit mode, the process size limit was hit
# Possible solutions:
#   Reduce memory load on the system
#   Increase physical memory or swap space
#   Check if swap backing store is full
#   Use 64 bit Java on a 64 bit OS
#   Decrease Java heap size (-Xmx/-Xms)
#   Decrease number of Java threads
#   Decrease Java thread stack sizes (-Xss)
#   Set larger code cache with -XX:ReservedCodeCacheSize=
# This output file may be truncated or incomplete.
#
#  Out of Memory Error (allocation.cpp:390), pid=5248, tid=15716
#
# JRE version: Java(TM) SE Runtime Environment (8.0_20-b26) (build 1.8.0_20-b26)
# Java VM: Java HotSpot(TM) 64-Bit Server VM (25.20-b23 mixed mode windows-amd64 compressed oops)
# Failed to write core dump. Minidumps are not enabled by default on client versions of Windows
#

---------------  T H R E A D  ---------------

Current thread (0x000000001556c800):  JavaThread "C2 CompilerThread0" daemon [_thread_in_native, id=15716, stack(0x0000000016a70000,0x0000000016b70000)]

Stack: [0x0000000016a70000,0x0000000016b70000]
Native frames: (J=compiled Java code, j=interpreted, Vv=VM code, C=native code)
V  [jvm.dll+0x3152fa]
V  [jvm.dll+0x265d03]
V  [jvm.dll+0x266943]
V  [jvm.dll+0x25e265]
V  [jvm.dll+0xbe255]
V  [jvm.dll+0xbe6fc]
V  [jvm.dll+0x45c472]
V  [jvm.dll+0x49d76f]
V  [jvm.dll+0x451045]
V  [jvm.dll+0x452634]
V  [jvm.dll+0x435fc2]
V  [jvm.dll+0x97b62]
V  [jvm.dll+0x98353]
V  [jvm.dll+0x22aac4]
V  [jvm.dll+0x283f5a]
C  [msvcr100.dll+0x21d9f]
C  [msvcr100.dll+0x21e3b]
C  [KERNEL32.DLL+0x16ad]
C  [ntdll.dll+0x6eb64]


Current CompileTask:
C2:1508042 31787       4       com.sun.tools.javac.parser.JavacParser::variableDeclaratorsRest (77 bytes)


---------------  P R O C E S S  ---------------

Java Threads: ( => current thread )
  0x000000001d1d7000 JavaThread "Stdin handler" [_thread_blocked, id=2536, stack(0x0000000019540000,0x0000000019640000)]
  0x000000001d1d6000 JavaThread "Cancel handler" [_thread_blocked, id=5640, stack(0x0000000019340000,0x0000000019440000)]
  0x000000001d1d5800 JavaThread "Handler for socket connection from /127.0.0.1:47593 to /127.0.0.1:50762" [_thread_in_native, id=6708, stack(0x0000000019240000,0x0000000019340000)]
  0x000000001d1d7800 JavaThread "Daemon worker Thread 8" [_thread_in_native, id=7680, stack(0x0000000019440000,0x0000000019540000)]
  0x000000001d1d4800 JavaThread "Daemon Thread 8" [_thread_blocked, id=5184, stack(0x0000000019140000,0x0000000019240000)]
  0x0000000018a5f800 JavaThread "File lock request listener" [_thread_in_native, id=7824, stack(0x0000000019c40000,0x0000000019d40000)]
  0x0000000017d15800 JavaThread "Incoming local TCP Connector on port 47593" [_thread_in_native, id=7568, stack(0x0000000018e20000,0x0000000018f20000)]
  0x0000000016ded800 JavaThread "Service Thread" daemon [_thread_blocked, id=776, stack(0x0000000017170000,0x0000000017270000)]
  0x0000000015576000 JavaThread "C1 CompilerThread2" daemon [_thread_blocked, id=6532, stack(0x0000000016c70000,0x0000000016d70000)]
  0x0000000015572800 JavaThread "C2 CompilerThread1" daemon [_thread_in_native, id=3336, stack(0x0000000016b70000,0x0000000016c70000)]
=>0x000000001556c800 JavaThread "C2 CompilerThread0" daemon [_thread_in_native, id=15716, stack(0x0000000016a70000,0x0000000016b70000)]
  0x000000001556b800 JavaThread "Attach Listener" daemon [_thread_blocked, id=2520, stack(0x0000000016970000,0x0000000016a70000)]
  0x000000001556b000 JavaThread "Signal Dispatcher" daemon [_thread_blocked, id=15700, stack(0x0000000016870000,0x0000000016970000)]
  0x0000000002e48000 JavaThread "Finalizer" daemon [_thread_blocked, id=15812, stack(0x0000000016770000,0x0000000016870000)]
  0x0000000002e3f000 JavaThread "Reference Handler" daemon [_thread_blocked, id=15808, stack(0x0000000016670000,0x0000000016770000)]
  0x0000000002b4e800 JavaThread "main" [_thread_blocked, id=3160, stack(0x0000000002c50000,0x0000000002d50000)]

Other Threads:
  0x00000000154e6000 VMThread [stack: 0x0000000016570000,0x0000000016670000] [id=16056]
  0x0000000016df1800 WatcherThread [stack: 0x0000000017270000,0x0000000017370000] [id=4512]

VM state:not at safepoint (normal execution)

VM Mutex/Monitor currently owned by a thread: None

Heap:
 PSYoungGen      total 247296K, used 175959K [0x00000000eab00000, 0x00000000ff800000, 0x0000000100000000)
  eden space 159232K, 99% used [0x00000000eab00000,0x00000000f44fda88,0x00000000f4680000)
  from space 88064K, 20% used [0x00000000f4680000,0x00000000f5858558,0x00000000f9c80000)
  to   space 89088K, 0% used [0x00000000fa100000,0x00000000fa100000,0x00000000ff800000)
 ParOldGen       total 506880K, used 392937K [0x00000000c0000000, 0x00000000def00000, 0x00000000eab00000)
  object space 506880K, 77% used [0x00000000c0000000,0x00000000d7fba678,0x00000000def00000)
 Metaspace       used 338842K, capacity 362612K, committed 363224K, reserved 1359872K
  class space    used 44315K, capacity 52488K, committed 52736K, reserved 1048576K

Card table byte_map: [0x0000000012210000,0x0000000012420000] byte_map_base: 0x0000000011c10000

Marking Bits: (ParMarkBitMap*) 0x000000005919b460
 Begin Bits: [0x0000000012980000, 0x0000000013980000)
 End Bits:   [0x0000000013980000, 0x0000000014980000)

Polling page: 0x0000000001210000

CodeCache: size=245760Kb used=88538Kb max_used=88538Kb free=157221Kb
 bounds [0x0000000002e50000, 0x0000000008540000, 0x0000000011e50000]
 total_blobs=24378 nmethods=23617 adapters=671
 compilation: enabled

Compilation events (10 events):
Event: 1507.543 Thread 0x0000000015576000 31791       3       com.sun.tools.javac.parser.JavacParser::classDeclaration (131 bytes)
Event: 1507.546 Thread 0x0000000015576000 nmethod 31791 0x0000000008529a50 code [0x0000000008529d60, 0x000000000852af68]
Event: 1507.553 Thread 0x000000001556c800 nmethod 31782 0x000000000852e190 code [0x000000000852e420, 0x000000000852f1d8]
Event: 1507.553 Thread 0x000000001556c800 31787       4       com.sun.tools.javac.parser.JavacParser::variableDeclaratorsRest (77 bytes)
Event: 1507.586 Thread 0x0000000015576000 31793       3       com.sun.tools.javac.parser.JavacParser::classOrInterfaceOrEnumDeclaration (352 bytes)
Event: 1507.594 Thread 0x0000000015576000 nmethod 31793 0x0000000008530b50 code [0x0000000008531060, 0x0000000008534448]
Event: 1507.616 Thread 0x0000000015576000 31794       3       com.sun.tools.javac.util.Options::get (15 bytes)
Event: 1507.617 Thread 0x0000000015576000 nmethod 31794 0x0000000008524d50 code [0x0000000008524f00, 0x0000000008525548]
Event: 1507.625 Thread 0x0000000015576000 31795       3       com.sun.tools.javac.tree.TreeInfo::fullName (84 bytes)
Event: 1507.626 Thread 0x0000000015576000 nmethod 31795 0x000000000852cc50 code [0x000000000852ce80, 0x000000000852dc78]

GC Heap History (10 events):
Event: 1456.379 GC heap before
{Heap before GC invocations=106 (full 14):
 PSYoungGen      total 245760K, used 176434K [0x00000000eab00000, 0x00000000ffb00000, 0x0000000100000000)
  eden space 151040K, 100% used [0x00000000eab00000,0x00000000f3e80000,0x00000000f3e80000)
  from space 94720K, 26% used [0x00000000f3e80000,0x00000000f574c8f0,0x00000000f9b00000)
  to   space 94208K, 0% used [0x00000000f9f00000,0x00000000f9f00000,0x00000000ffb00000)
 ParOldGen       total 506880K, used 361435K [0x00000000c0000000, 0x00000000def00000, 0x00000000eab00000)
  object space 506880K, 71% used [0x00000000c0000000,0x00000000d60f6c90,0x00000000def00000)
 Metaspace       used 325557K, capacity 348326K, committed 349656K, reserved 1347584K
  class space    used 42435K, capacity 50310K, committed 50688K, reserved 1048576K
Event: 1456.435 GC heap after
Heap after GC invocations=106 (full 14):
 PSYoungGen      total 241664K, used 35115K [0x00000000eab00000, 0x00000000ff400000, 0x0000000100000000)
  eden space 154624K, 0% used [0x00000000eab00000,0x00000000eab00000,0x00000000f4200000)
  from space 87040K, 40% used [0x00000000f9f00000,0x00000000fc14afb8,0x00000000ff400000)
  to   space 91136K, 0% used [0x00000000f4200000,0x00000000f4200000,0x00000000f9b00000)
 ParOldGen       total 506880K, used 361435K [0x00000000c0000000, 0x00000000def00000, 0x00000000eab00000)
  object space 506880K, 71% used [0x00000000c0000000,0x00000000d60f6c90,0x00000000def00000)
 Metaspace       used 325557K, capacity 348326K, committed 349656K, reserved 1347584K
  class space    used 42435K, capacity 50310K, committed 50688K, reserved 1048576K
}
Event: 1459.138 GC heap before
{Heap before GC invocations=107 (full 14):
 PSYoungGen      total 241664K, used 189739K [0x00000000eab00000, 0x00000000ff400000, 0x0000000100000000)
  eden space 154624K, 100% used [0x00000000eab00000,0x00000000f4200000,0x00000000f4200000)
  from space 87040K, 40% used [0x00000000f9f00000,0x00000000fc14afb8,0x00000000ff400000)
  to   space 91136K, 0% used [0x00000000f4200000,0x00000000f4200000,0x00000000f9b00000)
 ParOldGen       total 506880K, used 361435K [0x00000000c0000000, 0x00000000def00000, 0x00000000eab00000)
  object space 506880K, 71% used [0x00000000c0000000,0x00000000d60f6c90,0x00000000def00000)
 Metaspace       used 330459K, capacity 353652K, committed 354520K, reserved 1351680K
  class space    used 43174K, capacity 51193K, committed 51456K, reserved 1048576K
Event: 1459.216 GC heap after
Heap after GC invocations=107 (full 14):
 PSYoungGen      total 245760K, used 52227K [0x00000000eab00000, 0x00000000ff480000, 0x0000000100000000)
  eden space 154624K, 0% used [0x00000000eab00000,0x00000000eab00000,0x00000000f4200000)
  from space 91136K, 57% used [0x00000000f4200000,0x00000000f7500eb0,0x00000000f9b00000)
  to   space 89088K, 0% used [0x00000000f9d80000,0x00000000f9d80000,0x00000000ff480000)
 ParOldGen       total 506880K, used 361435K [0x00000000c0000000, 0x00000000def00000, 0x00000000eab00000)
  object space 506880K, 71% used [0x00000000c0000000,0x00000000d60f6c90,0x00000000def00000)
 Metaspace       used 330459K, capacity 353652K, committed 354520K, reserved 1351680K
  class space    used 43174K, capacity 51193K, committed 51456K, reserved 1048576K
}
Event: 1463.890 GC heap before
{Heap before GC invocations=108 (full 14):
 PSYoungGen      total 245760K, used 153937K [0x00000000eab00000, 0x00000000ff480000, 0x0000000100000000)
  eden space 154624K, 65% used [0x00000000eab00000,0x00000000f0e536c0,0x00000000f4200000)
  from space 91136K, 57% used [0x00000000f4200000,0x00000000f7500eb0,0x00000000f9b00000)
  to   space 89088K, 0% used [0x00000000f9d80000,0x00000000f9d80000,0x00000000ff480000)
 ParOldGen       total 506880K, used 361435K [0x00000000c0000000, 0x00000000def00000, 0x00000000eab00000)
  object space 506880K, 71% used [0x00000000c0000000,0x00000000d60f6c90,0x00000000def00000)
 Metaspace       used 331425K, capacity 354926K, committed 355672K, reserved 1353728K
  class space    used 43348K, capacity 51432K, committed 51584K, reserved 1048576K
Event: 1464.001 GC heap after
Heap after GC invocations=108 (full 14):
 PSYoungGen      total 246272K, used 54542K [0x00000000eab00000, 0x00000000ff280000, 0x0000000100000000)
  eden space 159232K, 0% used [0x00000000eab00000,0x00000000eab00000,0x00000000f4680000)
  from space 87040K, 62% used [0x00000000f9d80000,0x00000000fd2c3b10,0x00000000ff280000)
  to   space 88064K, 0% used [0x00000000f4680000,0x00000000f4680000,0x00000000f9c80000)
 ParOldGen       total 506880K, used 361435K [0x00000000c0000000, 0x00000000def00000, 0x00000000eab00000)
  object space 506880K, 71% used [0x00000000c0000000,0x00000000d60f6c90,0x00000000def00000)
 Metaspace       used 331425K, capacity 354926K, committed 355672K, reserved 1353728K
  class space    used 43348K, capacity 51432K, committed 51584K, reserved 1048576K
}
Event: 1464.002 GC heap before
{Heap before GC invocations=109 (full 15):
 PSYoungGen      total 246272K, used 54542K [0x00000000eab00000, 0x00000000ff280000, 0x0000000100000000)
  eden space 159232K, 0% used [0x00000000eab00000,0x00000000eab00000,0x00000000f4680000)
  from space 87040K, 62% used [0x00000000f9d80000,0x00000000fd2c3b10,0x00000000ff280000)
  to   space 88064K, 0% used [0x00000000f4680000,0x00000000f4680000,0x00000000f9c80000)
 ParOldGen       total 506880K, used 361435K [0x00000000c0000000, 0x00000000def00000, 0x00000000eab00000)
  object space 506880K, 71% used [0x00000000c0000000,0x00000000d60f6c90,0x00000000def00000)
 Metaspace       used 331425K, capacity 354926K, committed 355672K, reserved 1353728K
  class space    used 43348K, capacity 51432K, committed 51584K, reserved 1048576K
Event: 1467.635 GC heap after
Heap after GC invocations=109 (full 15):
 PSYoungGen      total 246272K, used 0K [0x00000000eab00000, 0x00000000ff280000, 0x0000000100000000)
  eden space 159232K, 0% used [0x00000000eab00000,0x00000000eab00000,0x00000000f4680000)
  from space 87040K, 0% used [0x00000000f9d80000,0x00000000f9d80000,0x00000000ff280000)
  to   space 88064K, 0% used [0x00000000f4680000,0x00000000f4680000,0x00000000f9c80000)
 ParOldGen       total 506880K, used 392937K [0x00000000c0000000, 0x00000000def00000, 0x00000000eab00000)
  object space 506880K, 77% used [0x00000000c0000000,0x00000000d7fba678,0x00000000def00000)
 Metaspace       used 330767K, capacity 353512K, committed 355672K, reserved 1353728K
  class space    used 43113K, capacity 50924K, committed 51584K, reserved 1048576K
}
Event: 1498.034 GC heap before
{Heap before GC invocations=110 (full 15):
 PSYoungGen      total 246272K, used 159232K [0x00000000eab00000, 0x00000000ff280000, 0x0000000100000000)
  eden space 159232K, 100% used [0x00000000eab00000,0x00000000f4680000,0x00000000f4680000)
  from space 87040K, 0% used [0x00000000f9d80000,0x00000000f9d80000,0x00000000ff280000)
  to   space 88064K, 0% used [0x00000000f4680000,0x00000000f4680000,0x00000000f9c80000)
 ParOldGen       total 506880K, used 392937K [0x00000000c0000000, 0x00000000def00000, 0x00000000eab00000)
  object space 506880K, 77% used [0x00000000c0000000,0x00000000d7fba678,0x00000000def00000)
 Metaspace       used 337083K, capacity 360454K, committed 361688K, reserved 1357824K
  class space    used 44024K, capacity 52110K, committed 52480K, reserved 1048576K
Event: 1498.084 GC heap after
Heap after GC invocations=110 (full 15):
 PSYoungGen      total 247296K, used 18273K [0x00000000eab00000, 0x00000000ff800000, 0x0000000100000000)
  eden space 159232K, 0% used [0x00000000eab00000,0x00000000eab00000,0x00000000f4680000)
  from space 88064K, 20% used [0x00000000f4680000,0x00000000f5858558,0x00000000f9c80000)
  to   space 89088K, 0% used [0x00000000fa100000,0x00000000fa100000,0x00000000ff800000)
 ParOldGen       total 506880K, used 392937K [0x00000000c0000000, 0x00000000def00000, 0x00000000eab00000)
  object space 506880K, 77% used [0x00000000c0000000,0x00000000d7fba678,0x00000000def00000)
 Metaspace       used 337083K, capacity 360454K, committed 361688K, reserved 1357824K
  class space    used 44024K, capacity 52110K, committed 52480K, reserved 1048576K
}

Deoptimization events (10 events):
Event: 1463.802 Thread 0x000000001d1d7800 Uncommon trap: reason=class_check action=maybe_recompile pc=0x0000000003ea16f8 method=org.gradle.logging.internal.OutputEventRenderer$2.onOutput(Lorg/gradle/logging/internal/OutputEvent;)V @ 11
Event: 1463.806 Thread 0x000000001d1d7800 Uncommon trap: reason=bimorphic action=maybe_recompile pc=0x00000000071025f8 method=java.lang.Throwable.<init>(Ljava/lang/Throwable;)V @ 38
Event: 1463.807 Thread 0x000000001d1d7800 Uncommon trap: reason=bimorphic action=maybe_recompile pc=0x00000000071025f8 method=java.lang.Throwable.<init>(Ljava/lang/Throwable;)V @ 38
Event: 1467.662 Thread 0x000000001d1d4800 Uncommon trap: reason=unreached action=reinterpret pc=0x00000000052c2340 method=java.io.ObjectStreamClass.lookup(Ljava/lang/Class;Z)Ljava/io/ObjectStreamClass; @ 92
Event: 1467.663 Thread 0x000000001d1d4800 Uncommon trap: reason=null_check action=make_not_entrant pc=0x00000000034082f8 method=java.lang.Class.reflectionData()Ljava/lang/Class$ReflectionData; @ 24
Event: 1467.665 Thread 0x000000001d1d4800 Uncommon trap: reason=null_check action=make_not_entrant pc=0x00000000056db3bc method=java.lang.Class.reflectionData()Ljava/lang/Class$ReflectionData; @ 24
Event: 1467.681 Thread 0x000000001d1d4800 Uncommon trap: reason=null_check action=make_not_entrant pc=0x0000000002f94ef0 method=java.lang.Class.reflectionData()Ljava/lang/Class$ReflectionData; @ 24
Event: 1467.686 Thread 0x000000001d1d4800 Uncommon trap: reason=array_check action=maybe_recompile pc=0x0000000007df38b8 method=java.util.TimSort.reverseRange([Ljava/lang/Object;II)V @ 27
Event: 1467.695 Thread 0x000000001d1d4800 Uncommon trap: reason=array_check action=maybe_recompile pc=0x0000000007df38b8 method=java.util.TimSort.reverseRange([Ljava/lang/Object;II)V @ 27
Event: 1493.568 Thread 0x000000001d1d7800 Uncommon trap: reason=class_check action=maybe_recompile pc=0x0000000008385b88 method=org.codehaus.groovy.util.ReferenceManager$1.removeStallEntries()V @ 44

Internal exceptions (10 events):
Event: 1501.463 Thread 0x000000001d1d7800 Exception <a 'java/security/PrivilegedActionException'> (0x00000000f15d21f0) thrown at [D:\re\workspace\8-2-build-windows-amd64-cygwin\jdk8u20\1074\hotspot\src\share\vm\prims\jvm.cpp, line 1275]
Event: 1501.463 Thread 0x000000001d1d7800 Exception <a 'java/lang/ClassNotFoundException': com/google/common/collect/IterablesBeanInfo> (0x00000000f15d28d8) thrown at [D:\re\workspace\8-2-build-windows-amd64-cygwin\jdk8u20\1074\hotspot\src\share\vm\classfile\systemDictionary.cpp, line 202]
Event: 1501.463 Thread 0x000000001d1d7800 Exception <a 'java/security/PrivilegedActionException'> (0x00000000f15d73f0) thrown at [D:\re\workspace\8-2-build-windows-amd64-cygwin\jdk8u20\1074\hotspot\src\share\vm\prims\jvm.cpp, line 1275]
Event: 1501.464 Thread 0x000000001d1d7800 Exception <a 'java/security/PrivilegedActionException'> (0x00000000f15d8628) thrown at [D:\re\workspace\8-2-build-windows-amd64-cygwin\jdk8u20\1074\hotspot\src\share\vm\prims\jvm.cpp, line 1275]
Event: 1501.464 Thread 0x000000001d1d7800 Exception <a 'java/security/PrivilegedActionException'> (0x00000000f15d9708) thrown at [D:\re\workspace\8-2-build-windows-amd64-cygwin\jdk8u20\1074\hotspot\src\share\vm\prims\jvm.cpp, line 1275]
Event: 1501.464 Thread 0x000000001d1d7800 Exception <a 'java/security/PrivilegedActionException'> (0x00000000f15dec18) thrown at [D:\re\workspace\8-2-build-windows-amd64-cygwin\jdk8u20\1074\hotspot\src\share\vm\prims\jvm.cpp, line 1275]
Event: 1501.464 Thread 0x000000001d1d7800 Exception <a 'java/lang/ClassNotFoundException': com/google/common/collect/IterablesCustomizer> (0x00000000f15df308) thrown at [D:\re\workspace\8-2-build-windows-amd64-cygwin\jdk8u20\1074\hotspot\src\share\vm\classfile\systemDictionary.cpp, line 202]
Event: 1501.616 Thread 0x000000001d1d7800 Exception <a 'java/security/PrivilegedActionException'> (0x00000000f185d308) thrown at [D:\re\workspace\8-2-build-windows-amd64-cygwin\jdk8u20\1074\hotspot\src\share\vm\prims\jvm.cpp, line 1275]
Event: 1501.616 Thread 0x000000001d1d7800 Exception <a 'java/security/PrivilegedActionException'> (0x00000000f185e5e8) thrown at [D:\re\workspace\8-2-build-windows-amd64-cygwin\jdk8u20\1074\hotspot\src\share\vm\prims\jvm.cpp, line 1275]
Event: 1501.616 Thread 0x000000001d1d7800 Exception <a 'java/security/PrivilegedActionException'> (0x00000000f1865ee0) thrown at [D:\re\workspace\8-2-build-windows-amd64-cygwin\jdk8u20\1074\hotspot\src\share\vm\prims\jvm.cpp, line 1275]

Events (10 events):
Event: 1507.606 Thread 0x000000001d1d7800 DEOPT PACKING pc=0x000000000427c028 sp=0x000000001953bcf0
Event: 1507.607 Thread 0x000000001d1d7800 DEOPT UNPACKING pc=0x0000000002e971bf sp=0x000000001953ba38 mode 0
Event: 1507.607 Thread 0x000000001d1d7800 DEOPT PACKING pc=0x000000000427c044 sp=0x000000001953bcf0
Event: 1507.607 Thread 0x000000001d1d7800 DEOPT UNPACKING pc=0x0000000002e971bf sp=0x000000001953ba28 mode 0
Event: 1507.607 Thread 0x000000001d1d7800 DEOPT PACKING pc=0x000000000427c044 sp=0x000000001953bcf0
Event: 1507.607 Thread 0x000000001d1d7800 DEOPT UNPACKING pc=0x0000000002e971bf sp=0x000000001953ba28 mode 0
Event: 1507.608 Thread 0x000000001d1d7800 DEOPT PACKING pc=0x000000000427c028 sp=0x000000001953bcf0
Event: 1507.608 Thread 0x000000001d1d7800 DEOPT UNPACKING pc=0x0000000002e971bf sp=0x000000001953ba38 mode 0
Event: 1507.623 Executing VM operation: RevokeBias
Event: 1507.624 Executing VM operation: RevokeBias done


Dynamic libraries:
0x00007ff685610000 - 0x00007ff685644000 	C:\Program Files\Java\jdk1.8.0_20\bin\java.exe
0x00007ffbe1ed0000 - 0x00007ffbe207c000 	C:\Windows\SYSTEM32\ntdll.dll
0x00007ffbe1260000 - 0x00007ffbe139a000 	C:\Windows\system32\KERNEL32.DLL
0x00007ffbdf640000 - 0x00007ffbdf74f000 	C:\Windows\system32\KERNELBASE.dll
0x00007ffbdde50000 - 0x00007ffbdded8000 	C:\Windows\system32\apphelp.dll
0x00007ffbc4400000 - 0x00007ffbc444f000 	C:\Windows\AppPatch\AppPatch64\AcGenral.DLL
0x00007ffbdf750000 - 0x00007ffbdf7f7000 	C:\Windows\system32\msvcrt.dll
0x00007ffbdf020000 - 0x00007ffbdf04b000 	C:\Windows\SYSTEM32\SspiCli.dll
0x00007ffbdfc40000 - 0x00007ffbdfc91000 	C:\Windows\system32\SHLWAPI.dll
0x00007ffbe1a20000 - 0x00007ffbe1b91000 	C:\Windows\system32\USER32.dll
0x00007ffbdfac0000 - 0x00007ffbdfc38000 	C:\Windows\system32\ole32.dll
0x00007ffbdfd80000 - 0x00007ffbe118f000 	C:\Windows\system32\SHELL32.dll
0x00007ffbde830000 - 0x00007ffbde84e000 	C:\Windows\SYSTEM32\USERENV.dll
0x00007ffbe1ce0000 - 0x00007ffbe1d85000 	C:\Windows\system32\ADVAPI32.dll
0x00007ffbd81f0000 - 0x00007ffbd820b000 	C:\Windows\SYSTEM32\MPR.dll
0x00007ffbe1d90000 - 0x00007ffbe1ec7000 	C:\Windows\system32\RPCRT4.dll
0x00007ffbdfa60000 - 0x00007ffbdfab7000 	C:\Windows\SYSTEM32\sechost.dll
0x00007ffbe1840000 - 0x00007ffbe1a16000 	C:\Windows\SYSTEM32\combase.dll
0x00007ffbe1540000 - 0x00007ffbe1684000 	C:\Windows\system32\GDI32.dll
0x00007ffbdf240000 - 0x00007ffbdf254000 	C:\Windows\SYSTEM32\profapi.dll
0x00007ffbdd860000 - 0x00007ffbdd8ff000 	C:\Windows\SYSTEM32\SHCORE.dll
0x00007ffbe16a0000 - 0x00007ffbe16d4000 	C:\Windows\system32\IMM32.DLL
0x00007ffbe1ba0000 - 0x00007ffbe1cd9000 	C:\Windows\system32\MSCTF.dll
0x00007ffbdcfd0000 - 0x00007ffbdd22a000 	C:\Windows\WinSxS\amd64_microsoft.windows.common-controls_6595b64144ccf1df_6.0.9600.17031_none_6242a4b3ecbb55a1\COMCTL32.dll
0x0000000057e10000 - 0x0000000057ee2000 	C:\Program Files\Java\jdk1.8.0_20\jre\bin\msvcr100.dll
0x00000000589c0000 - 0x0000000059218000 	C:\Program Files\Java\jdk1.8.0_20\jre\bin\server\jvm.dll
0x00007ffbdc4f0000 - 0x00007ffbdc4f9000 	C:\Windows\SYSTEM32\WSOCK32.dll
0x00007ffbcd3c0000 - 0x00007ffbcd3df000 	C:\Windows\SYSTEM32\WINMM.dll
0x00007ffbdf800000 - 0x00007ffbdf807000 	C:\Windows\system32\PSAPI.DLL
0x00007ffbe16e0000 - 0x00007ffbe1738000 	C:\Windows\system32\WS2_32.dll
0x00007ffbcd390000 - 0x00007ffbcd3ba000 	C:\Windows\SYSTEM32\WINMMBASE.dll
0x00007ffbe1690000 - 0x00007ffbe1699000 	C:\Windows\system32\NSI.dll
0x00007ffbdf310000 - 0x00007ffbdf35a000 	C:\Windows\SYSTEM32\cfgmgr32.dll
0x00007ffbde0a0000 - 0x00007ffbde0c6000 	C:\Windows\SYSTEM32\DEVOBJ.dll
0x00000000598b0000 - 0x00000000598bf000 	C:\Program Files\Java\jdk1.8.0_20\jre\bin\verify.dll
0x0000000059880000 - 0x00000000598a8000 	C:\Program Files\Java\jdk1.8.0_20\jre\bin\java.dll
0x0000000059860000 - 0x0000000059876000 	C:\Program Files\Java\jdk1.8.0_20\jre\bin\zip.dll
0x00007ffbdeae0000 - 0x00007ffbdeafe000 	C:\Windows\SYSTEM32\CRYPTSP.dll
0x00007ffbde720000 - 0x00007ffbde755000 	C:\Windows\system32\rsaenh.dll
0x00007ffbded20000 - 0x00007ffbded46000 	C:\Windows\SYSTEM32\bcrypt.dll
0x00007ffbdf050000 - 0x00007ffbdf0b0000 	C:\Windows\system32\bcryptprimitives.dll
0x00007ffbdf0b0000 - 0x00007ffbdf0ba000 	C:\Windows\SYSTEM32\CRYPTBASE.dll
0x00000000597f0000 - 0x000000005980a000 	C:\Program Files\Java\jdk1.8.0_20\jre\bin\net.dll
0x00007ffbdea80000 - 0x00007ffbdead8000 	C:\Windows\system32\mswsock.dll
0x00007ffbd9ff0000 - 0x00007ffbda019000 	C:\Windows\SYSTEM32\IPHLPAPI.DLL
0x00007ffbd9fe0000 - 0x00007ffbd9fea000 	C:\Windows\SYSTEM32\WINNSI.DLL
0x00007ffbd9a20000 - 0x00007ffbd9a34000 	C:\Windows\SYSTEM32\dhcpcsvc6.DLL
0x00007ffbd99b0000 - 0x00007ffbd99c9000 	C:\Windows\SYSTEM32\dhcpcsvc.DLL
0x00000000597d0000 - 0x00000000597e1000 	C:\Program Files\Java\jdk1.8.0_20\jre\bin\nio.dll
0x00007ffbc43a0000 - 0x00007ffbc43b2000 	C:\Users\Pouya\AppData\Local\Temp\native-platform718823301621436213dir\native-platform.dll
0x00007ffbdb4e0000 - 0x00007ffbdb668000 	C:\Windows\SYSTEM32\dbghelp.dll

VM Arguments:
jvm_args: -XX:MaxPermSize=256m -XX:+HeapDumpOnOutOfMemoryError -Xmx1024m -Dfile.encoding=windows-1256 -Duser.country=US -Duser.language=en -Duser.variant 
java_command: org.gradle.launcher.daemon.bootstrap.GradleDaemon 2.2.1 C:\Users\Pouya\.gradle\daemon 10800000 6eb3d025-973c-428e-a6a2-c322d26789c2 -XX:MaxPermSize=256m -XX:+HeapDumpOnOutOfMemoryError -Xmx1024m -Dfile.encoding=windows-1256 -Duser.country=US -Duser.language=en -Duser.variant
java_class_path (initial): C:\Program Files\Android\Android Studio\gradle\gradle-2.2.1\lib\gradle-launcher-2.2.1.jar
Launcher Type: SUN_STANDARD

Environment Variables:
JAVA_HOME=C:\Program Files\Java\jdk1.8.0_20
PATH=C:\ProgramData\Oracle\Java\javapath;C:\Windows\system32;C:\Windows;C:\Windows\System32\Wbem;C:\Windows\System32\WindowsPowerShell\v1.0\;C:\Program Files (x86)\Git\cmd;C:\Program Files (x86)\ATI Technologies\ATI.ACE\Core-Static;C:\Android\sdk\platform-tools\;C:\Program Files (x86)\Windows Kits\8.1\Windows Performance Toolkit\;C:\Program Files\Microsoft SQL Server\110\Tools\Binn\;C:\Program Files (x86)\Microsoft SDKs\TypeScript\1.0\;C:\Program Files\Java\jdk1.8.0_20\bin;C:\Program Files\Microsoft SQL Server\120\DTS\Binn\;C:\Program Files\Microsoft SQL Server\Client SDK\ODBC\110\Tools\Binn\;C:\Program Files (x86)\Microsoft SQL Server\120\Tools\Binn\;C:\Program Files\Microsoft SQL Server\120\Tools\Binn\;C:\Program Files (x86)\Microsoft SQL Server\120\Tools\Binn\ManagementStudio\;C:\Program Files (x86)\Microsoft SQL Server\120\DTS\Binn\
USERNAME=Pouya
OS=Windows_NT
PROCESSOR_IDENTIFIER=Intel64 Family 6 Model 37 Stepping 5, GenuineIntel



---------------  S Y S T E M  ---------------

OS: Windows 8.1 , 64 bit Build 9600 

CPU:total 4 (2 cores per cpu, 2 threads per core) family 6 model 37 stepping 5, cmov, cx8, fxsr, mmx, sse, sse2, sse3, ssse3, sse4.1, sse4.2, popcnt, ht, tsc, tscinvbit

Memory: 4k page, physical 6143408k(869144k free), swap 9289140k(11676k free)

vm_info: Java HotSpot(TM) 64-Bit Server VM (25.20-b23) for windows-amd64 JRE (1.8.0_20-b26), built on Jul 30 2014 13:51:23 by "java_re" with MS VC++ 10.0 (VS2010)

time: Thu Feb 26 23:10:19 2015
elapsed time: 1507 seconds (0d 0h 25m 7s)

